
Thu 17 Aug 2023 01:51:48 AM UTC: 
 exercises.c | 120 +++++++++++++++++++++++++++++++++++++++++++++++++++++++-----
 1 file changed, 111 insertions(+), 9 deletions(-)
In file included from test.c:1:
exercises.c: In function ‘filterEvenNumbers’:
exercises.c:59:14: error: function returns address of local variable [-Werror=return-local-addr]
   59 |       return newArray;
      |              ^~~~~~~~
exercises.c: In function ‘checkSorted’:
exercises.c:102:3: error: statement with no effect [-Werror=unused-value]
  102 |   for (i ; i<size ;i++){//si es ascendente
      |   ^~~
exercises.c:109:3: error: statement with no effect [-Werror=unused-value]
  109 |   for (i ; i<size; i++ ){
      |   ^~~
exercises.c: In function ‘inicializarLibro’:
exercises.c:140:34: error: ‘aniopublicacion’ undeclared (first use in this function); did you mean ‘anioPublicacion’?
  140 |   strcpy(libro->anioPublicacion, aniopublicacion);
      |                                  ^~~~~~~~~~~~~~~
      |                                  anioPublicacion
exercises.c:140:34: note: each undeclared identifier is reported only once for each function it appears in
exercises.c:140:15: error: passing argument 1 of ‘strcpy’ makes pointer from integer without a cast [-Werror=int-conversion]
  140 |   strcpy(libro->anioPublicacion, aniopublicacion);
      |          ~~~~~^~~~~~~~~~~~~~~~~
      |               |
      |               int
In file included from /nix/store/4pqv2mwdn88h7xvsm7a5zplrd8sxzvw0-glibc-2.35-163-dev/include/features.h:490,
                 from /nix/store/4pqv2mwdn88h7xvsm7a5zplrd8sxzvw0-glibc-2.35-163-dev/include/ctype.h:25,
                 from exercises.c:1,
                 from test.c:1:
/nix/store/4pqv2mwdn88h7xvsm7a5zplrd8sxzvw0-glibc-2.35-163-dev/include/bits/string_fortified.h:77:1: note: expected ‘char * restrict’ but argument is of type ‘int’
   77 | __NTH (strcpy (char *__restrict __dest, const char *__restrict __src))
      | ^~~~~
In file included from test.c:1:
exercises.c:143:23: error: assignment to expression with array type
  143 |   libro->autor.nombre = nombreAutor;
      |                       ^
exercises.c: In function ‘filterEvenNumbers’:
exercises.c:62:1: error: control reaches end of non-void function [-Werror=return-type]
   62 | }
      | ^
cc1: all warnings being treated as errors
Compilation failed
5c2422e
Thu 17 Aug 2023 02:11:03 AM UTC: 
 exercises.c | 15 ++++++---------
 1 file changed, 6 insertions(+), 9 deletions(-)
In file included from test.c:1:
exercises.c: In function ‘filterEvenNumbers’:
exercises.c:46:6: error: ‘newsize’ undeclared (first use in this function); did you mean ‘newSize’?
   46 |     *newsize=0;
      |      ^~~~~~~
      |      newSize
exercises.c:46:6: note: each undeclared identifier is reported only once for each function it appears in
exercises.c: In function ‘checkSorted’:
exercises.c:99:3: error: statement with no effect [-Werror=unused-value]
   99 |   for (i ; i<size ;i++){//si es ascendente
      |   ^~~
exercises.c:106:3: error: statement with no effect [-Werror=unused-value]
  106 |   for (i ; i<size; i++ ){
      |   ^~~
exercises.c: In function ‘inicializarLibro’:
exercises.c:137:34: error: ‘aniopublicacion’ undeclared (first use in this function); did you mean ‘anioPublicacion’?
  137 |   strcpy(libro->anioPublicacion, aniopublicacion);
      |                                  ^~~~~~~~~~~~~~~
      |                                  anioPublicacion
exercises.c:137:15: error: passing argument 1 of ‘strcpy’ makes pointer from integer without a cast [-Werror=int-conversion]
  137 |   strcpy(libro->anioPublicacion, aniopublicacion);
      |          ~~~~~^~~~~~~~~~~~~~~~~
      |               |
      |               int
In file included from /nix/store/4pqv2mwdn88h7xvsm7a5zplrd8sxzvw0-glibc-2.35-163-dev/include/features.h:490,
                 from /nix/store/4pqv2mwdn88h7xvsm7a5zplrd8sxzvw0-glibc-2.35-163-dev/include/ctype.h:25,
                 from exercises.c:1,
                 from test.c:1:
/nix/store/4pqv2mwdn88h7xvsm7a5zplrd8sxzvw0-glibc-2.35-163-dev/include/bits/string_fortified.h:77:1: note: expected ‘char * restrict’ but argument is of type ‘int’
   77 | __NTH (strcpy (char *__restrict __dest, const char *__restrict __src))
      | ^~~~~
In file included from test.c:1:
exercises.c:140:23: error: assignment to expression with array type
  140 |   libro->autor.nombre = nombreAutor;
      |                       ^
cc1: all warnings being treated as errors
Compilation failed
c1cba8e
Thu 17 Aug 2023 02:11:22 AM UTC: 
In file included from test.c:1:
exercises.c: In function ‘filterEvenNumbers’:
exercises.c:46:6: error: ‘newsize’ undeclared (first use in this function); did you mean ‘newSize’?
   46 |     *newsize=0;
      |      ^~~~~~~
      |      newSize
exercises.c:46:6: note: each undeclared identifier is reported only once for each function it appears in
exercises.c: In function ‘checkSorted’:
exercises.c:99:3: error: statement with no effect [-Werror=unused-value]
   99 |   for (i ; i<size ;i++){//si es ascendente
      |   ^~~
exercises.c:106:3: error: statement with no effect [-Werror=unused-value]
  106 |   for (i ; i<size; i++ ){
      |   ^~~
exercises.c: In function ‘inicializarLibro’:
exercises.c:137:34: error: ‘aniopublicacion’ undeclared (first use in this function); did you mean ‘anioPublicacion’?
  137 |   strcpy(libro->anioPublicacion, aniopublicacion);
      |                                  ^~~~~~~~~~~~~~~
      |                                  anioPublicacion
exercises.c:137:15: error: passing argument 1 of ‘strcpy’ makes pointer from integer without a cast [-Werror=int-conversion]
  137 |   strcpy(libro->anioPublicacion, aniopublicacion);
      |          ~~~~~^~~~~~~~~~~~~~~~~
      |               |
      |               int
In file included from /nix/store/4pqv2mwdn88h7xvsm7a5zplrd8sxzvw0-glibc-2.35-163-dev/include/features.h:490,
                 from /nix/store/4pqv2mwdn88h7xvsm7a5zplrd8sxzvw0-glibc-2.35-163-dev/include/ctype.h:25,
                 from exercises.c:1,
                 from test.c:1:
/nix/store/4pqv2mwdn88h7xvsm7a5zplrd8sxzvw0-glibc-2.35-163-dev/include/bits/string_fortified.h:77:1: note: expected ‘char * restrict’ but argument is of type ‘int’
   77 | __NTH (strcpy (char *__restrict __dest, const char *__restrict __src))
      | ^~~~~
In file included from test.c:1:
exercises.c:140:23: error: assignment to expression with array type
  140 |   libro->autor.nombre = nombreAutor;
      |                       ^
cc1: all warnings being treated as errors
Compilation failed
280698e
Thu 17 Aug 2023 02:11:32 AM UTC: 
In file included from test.c:1:
exercises.c: In function ‘filterEvenNumbers’:
exercises.c:46:6: error: ‘newsize’ undeclared (first use in this function); did you mean ‘newSize’?
   46 |     *newsize=0;
      |      ^~~~~~~
      |      newSize
exercises.c:46:6: note: each undeclared identifier is reported only once for each function it appears in
exercises.c: In function ‘checkSorted’:
exercises.c:99:3: error: statement with no effect [-Werror=unused-value]
   99 |   for (i ; i<size ;i++){//si es ascendente
      |   ^~~
exercises.c:106:3: error: statement with no effect [-Werror=unused-value]
  106 |   for (i ; i<size; i++ ){
      |   ^~~
exercises.c: In function ‘inicializarLibro’:
exercises.c:137:34: error: ‘aniopublicacion’ undeclared (first use in this function); did you mean ‘anioPublicacion’?
  137 |   strcpy(libro->anioPublicacion, aniopublicacion);
      |                                  ^~~~~~~~~~~~~~~
      |                                  anioPublicacion
exercises.c:137:15: error: passing argument 1 of ‘strcpy’ makes pointer from integer without a cast [-Werror=int-conversion]
  137 |   strcpy(libro->anioPublicacion, aniopublicacion);
      |          ~~~~~^~~~~~~~~~~~~~~~~
      |               |
      |               int
In file included from /nix/store/4pqv2mwdn88h7xvsm7a5zplrd8sxzvw0-glibc-2.35-163-dev/include/features.h:490,
                 from /nix/store/4pqv2mwdn88h7xvsm7a5zplrd8sxzvw0-glibc-2.35-163-dev/include/ctype.h:25,
                 from exercises.c:1,
                 from test.c:1:
/nix/store/4pqv2mwdn88h7xvsm7a5zplrd8sxzvw0-glibc-2.35-163-dev/include/bits/string_fortified.h:77:1: note: expected ‘char * restrict’ but argument is of type ‘int’
   77 | __NTH (strcpy (char *__restrict __dest, const char *__restrict __src))
      | ^~~~~
In file included from test.c:1:
exercises.c:140:23: error: assignment to expression with array type
  140 |   libro->autor.nombre = nombreAutor;
      |                       ^
cc1: all warnings being treated as errors
Compilation failed
3db856b
Thu 17 Aug 2023 02:14:45 AM UTC: 
 exercises.c | 2 +-
 1 file changed, 1 insertion(+), 1 deletion(-)
In file included from test.c:1:
exercises.c: In function ‘checkSorted’:
exercises.c:99:3: error: statement with no effect [-Werror=unused-value]
   99 |   for (i ; i<size ;i++){//si es ascendente
      |   ^~~
exercises.c:106:3: error: statement with no effect [-Werror=unused-value]
  106 |   for (i ; i<size; i++ ){
      |   ^~~
exercises.c: In function ‘inicializarLibro’:
exercises.c:137:34: error: ‘aniopublicacion’ undeclared (first use in this function); did you mean ‘anioPublicacion’?
  137 |   strcpy(libro->anioPublicacion, aniopublicacion);
      |                                  ^~~~~~~~~~~~~~~
      |                                  anioPublicacion
exercises.c:137:34: note: each undeclared identifier is reported only once for each function it appears in
exercises.c:137:15: error: passing argument 1 of ‘strcpy’ makes pointer from integer without a cast [-Werror=int-conversion]
  137 |   strcpy(libro->anioPublicacion, aniopublicacion);
      |          ~~~~~^~~~~~~~~~~~~~~~~
      |               |
      |               int
In file included from /nix/store/4pqv2mwdn88h7xvsm7a5zplrd8sxzvw0-glibc-2.35-163-dev/include/features.h:490,
                 from /nix/store/4pqv2mwdn88h7xvsm7a5zplrd8sxzvw0-glibc-2.35-163-dev/include/ctype.h:25,
                 from exercises.c:1,
                 from test.c:1:
/nix/store/4pqv2mwdn88h7xvsm7a5zplrd8sxzvw0-glibc-2.35-163-dev/include/bits/string_fortified.h:77:1: note: expected ‘char * restrict’ but argument is of type ‘int’
   77 | __NTH (strcpy (char *__restrict __dest, const char *__restrict __src))
      | ^~~~~
In file included from test.c:1:
exercises.c:140:23: error: assignment to expression with array type
  140 |   libro->autor.nombre = nombreAutor;
      |                       ^
cc1: all warnings being treated as errors
Compilation failed
11a117f
Thu 17 Aug 2023 02:30:16 AM UTC: 
 exercises.c | 28 ++++++++++++++++------------
 1 file changed, 16 insertions(+), 12 deletions(-)
In file included from test.c:1:
exercises.c: In function ‘inicializarLibro’:
exercises.c:141:15: error: passing argument 1 of ‘strcpy’ makes pointer from integer without a cast [-Werror=int-conversion]
  141 |   strcpy(libro->anioPublicacion, anioPublicacion);
      |          ~~~~~^~~~~~~~~~~~~~~~~
      |               |
      |               int
In file included from /nix/store/4pqv2mwdn88h7xvsm7a5zplrd8sxzvw0-glibc-2.35-163-dev/include/features.h:490,
                 from /nix/store/4pqv2mwdn88h7xvsm7a5zplrd8sxzvw0-glibc-2.35-163-dev/include/ctype.h:25,
                 from exercises.c:1,
                 from test.c:1:
/nix/store/4pqv2mwdn88h7xvsm7a5zplrd8sxzvw0-glibc-2.35-163-dev/include/bits/string_fortified.h:77:1: note: expected ‘char * restrict’ but argument is of type ‘int’
   77 | __NTH (strcpy (char *__restrict __dest, const char *__restrict __src))
      | ^~~~~
In file included from test.c:1:
exercises.c:141:34: error: passing argument 2 of ‘strcpy’ makes pointer from integer without a cast [-Werror=int-conversion]
  141 |   strcpy(libro->anioPublicacion, anioPublicacion);
      |                                  ^~~~~~~~~~~~~~~
      |                                  |
      |                                  int
In file included from /nix/store/4pqv2mwdn88h7xvsm7a5zplrd8sxzvw0-glibc-2.35-163-dev/include/features.h:490,
                 from /nix/store/4pqv2mwdn88h7xvsm7a5zplrd8sxzvw0-glibc-2.35-163-dev/include/ctype.h:25,
                 from exercises.c:1,
                 from test.c:1:
/nix/store/4pqv2mwdn88h7xvsm7a5zplrd8sxzvw0-glibc-2.35-163-dev/include/bits/string_fortified.h:77:1: note: expected ‘const char * restrict’ but argument is of type ‘int’
   77 | __NTH (strcpy (char *__restrict __dest, const char *__restrict __src))
      | ^~~~~
In file included from test.c:1:
exercises.c:144:23: error: assignment to expression with array type
  144 |   libro->autor.nombre = nombreAutor;
      |                       ^
cc1: all warnings being treated as errors
Compilation failed
01e8bee
Thu 17 Aug 2023 02:32:35 AM UTC: 
 exercises.c | 2 +-
 1 file changed, 1 insertion(+), 1 deletion(-)
In file included from test.c:1:
exercises.c: In function ‘inicializarLibro’:
exercises.c:144:23: error: assignment to expression with array type
  144 |   libro->autor.nombre = nombreAutor;
      |                       ^
Compilation failed
4b2c101
Thu 17 Aug 2023 02:34:10 AM UTC: 
 exercises.c | 4 ++--
 1 file changed, 2 insertions(+), 2 deletions(-)
In file included from test.c:1:
exercises.c: In function ‘crearListaEnlazada’:
exercises.c:181:29: error: ‘nodoActual’ may be used uninitialized in this function [-Werror=maybe-uninitialized]
  181 |       nodoActual->siguiente =nuevoNodo;
      |       ~~~~~~~~~~~~~~~~~~~~~~^~~~~~~~~~
cc1: all warnings being treated as errors
Compilation failed
6a3a5ce
Thu 17 Aug 2023 02:39:12 AM UTC: 
 exercises.c | 2 +-
 1 file changed, 1 insertion(+), 1 deletion(-)
Thu 17 Aug 2023 02:40:45 AM UTC: 
 exercises.c | 2 +-
 1 file changed, 1 insertion(+), 1 deletion(-)
Thu 17 Aug 2023 02:47:24 AM UTC: 
 exercises.c | 2 +-
 1 file changed, 1 insertion(+), 1 deletion(-)
Thu 17 Aug 2023 02:54:26 AM UTC: 
 exercises.c | 2 +-
 1 file changed, 1 insertion(+), 1 deletion(-)
Thu 17 Aug 2023 02:55:54 AM UTC: 
 exercises.c | 2 +-
 1 file changed, 1 insertion(+), 1 deletion(-)
Thu 17 Aug 2023 03:01:36 AM UTC: 
 exercises.c | 2 +-
 1 file changed, 1 insertion(+), 1 deletion(-)
Thu 17 Aug 2023 03:08:29 AM UTC: 
 exercises.c | 8 ++++----
 1 file changed, 4 insertions(+), 4 deletions(-)
In file included from test.c:1:
exercises.c: In function ‘crearListaEnlazada’:
exercises.c:187:10: error: ‘primerNodo’ may be used uninitialized [-Werror=maybe-uninitialized]
  187 |   return primerNodo; }
      |          ^~~~~~~~~~
cc1: all warnings being treated as errors
Compilation failed
5a9465b
Thu 17 Aug 2023 03:09:01 AM UTC: 
 exercises.c | 2 +-
 1 file changed, 1 insertion(+), 1 deletion(-)
Thu 17 Aug 2023 03:13:08 AM UTC: 
 exercises.c | 4 ++--
 1 file changed, 2 insertions(+), 2 deletions(-)
 tests:  0|0
78b5ebd
Thu 17 Aug 2023 03:40:19 AM UTC: 
 exercises.c | 2 +-
 1 file changed, 1 insertion(+), 1 deletion(-)
 tests:  0|0
fe08227
Thu 17 Aug 2023 03:56:47 AM UTC: 
 exercises.c | 13 ++++++-------
 1 file changed, 6 insertions(+), 7 deletions(-)
 tests:  0|0
d466886
Thu 17 Aug 2023 04:01:14 AM UTC: 
 exercises.c | 9 ++++-----
 1 file changed, 4 insertions(+), 5 deletions(-)
 tests:  0|0
39d2be5
Thu 17 Aug 2023 04:04:40 AM UTC: 
 exercises.c | 18 ++++++++++--------
 1 file changed, 10 insertions(+), 8 deletions(-)
In file included from test.c:1:
exercises.c: In function ‘checkSorted’:
exercises.c:98:18: error: unused variable ‘descend’ [-Werror=unused-variable]
   98 |   int ascend= 1, descend=1;
      |                  ^~~~~~~
exercises.c:98:7: error: unused variable ‘ascend’ [-Werror=unused-variable]
   98 |   int ascend= 1, descend=1;
      |       ^~~~~~
cc1: all warnings being treated as errors
Compilation failed
bf35947
Thu 17 Aug 2023 04:05:00 AM UTC: 
 exercises.c | 2 --
 1 file changed, 2 deletions(-)
 tests:  0|0
d58473c
Thu 17 Aug 2023 04:06:22 AM UTC: 
 exercises.c | 2 +-
 1 file changed, 1 insertion(+), 1 deletion(-)
 tests:  0|0
dee08f5
Thu 17 Aug 2023 04:14:55 AM UTC: 
 exercises.c | 10 ++++------
 1 file changed, 4 insertions(+), 6 deletions(-)
 tests:  0|0
421f05c
